<?xml version="1.0" encoding="UTF-8"?>
<!-- Generated by org.testng.reporters.JUnitReportReporter -->
<testsuite skipped="0" hostname="amaryadav" name="com.rest.api.tests.users.AsanaUserApi" tests="2" failures="0" timestamp="2020-05-05T22:46:31 IST" time="4.859" errors="0">
  <testcase name="getUsersOfAsanaApi" time="2.350" classname="com.rest.api.tests.users.AsanaUserApi"/>
  <system-out>
Key: Server Value: nginx Key: Date Value: Tue, 05 May 2020 17:16:31 GMT Key: Content-Type Value: application/json; charset=UTF-8 Key: Transfer-Encoding Value: chunked Key: Connection Value: keep-alive Key: X-Frame-Options Value: DENY Key: X-XSS-Protection Value: 1; mode=block Key: X-Content-Type-Options Value: nosniff Key: Content-Security-Policy Value: report-uri https://app.asana.com/-/csp_report?report_only=false;default-src 'none';frame-src 'none';frame-ancestors 'none' Key: X-Asana-Api-Version Value: 1.1 Key: X-Robots-Tag Value: none Key: Strict-Transport-Security Value: max-age=31536000; includeSubDomains Key: Datacenter-Time-End Value: 1588698991.340 Key: X-LoadBalancer Value: prod-lb005.ec2 Key: Content-Encoding Value: gzip  </system-out>
  <testcase name="getUserDetailsTest" time="2.509" classname="com.rest.api.tests.users.AsanaUserApi"/>
  <system-out/>
</testsuite> <!-- com.rest.api.tests.users.AsanaUserApi -->
